<?xml version="1.0" encoding="UTF-8"?>
<!-- Generated by org.testng.reporters.JUnitXMLReporter -->
<testsuite ignored="0" hostname="LTIN191129" failures="1" tests="2" name="Test" time="33.74" errors="0" timestamp="2024-04-01T12:22:31 IST">
  <testcase classname="testCases.TC_001_ProductTest" name="verify_product_name" time="9.083"/>
  <testcase classname="testCases.TC_001_ProductTest" name="verify_product_price" time="0.062">
    <failure type="java.lang.AssertionError" message="expected [1,59,990] but found [1,59,999]">
      <![CDATA[java.lang.AssertionError: expected [1,59,990] but found [1,59,999]
at testCases.TC_001_ProductTest.verify_product_price(TC_001_ProductTest.java:54)
at java.base/java.util.ArrayList.forEach(ArrayList.java:1511)
... Removed 33 stack frames]]>
    </failure>
  </testcase> <!-- verify_product_price -->
</testsuite> <!-- Test -->
